Starting Chromium build at Tue Aug 12 07:03:55 PDT 2025
Chromium source: /Volumes/ssd/apple/ai_browser/backend/chromium/build/src
Changed to directory: /Volumes/ssd/apple/ai_browser/backend/chromium/build/src
=== APPLYING PATCHES ===
Applying patch: /Volumes/ssd/apple/ai_browser/backend/chromium/patches/ai-browser/006-*.patch
patching file 'chrome/browser/ai/ai_service.cc'
patching file 'chrome/browser/ai/ai_service.h'
✅ Patch 006 applied successfully
Applying patch: /Volumes/ssd/apple/ai_browser/backend/chromium/patches/ai-browser/007-*.patch
patching file 'chrome/browser/ui/webui/side_panel/ai_chat/ai_chat_side_panel_ui.cc'
patching file 'chrome/browser/ui/webui/side_panel/ai_chat/ai_chat_side_panel_ui.h'
patch: **** malformed patch at line 137: diff --git a/chrome/browser/ui/webui/side_panel/ai_chat/BUILD.gn b/chrome/browser/ui/webui/side_panel/ai_chat/BUILD.gn
❌ Failed to apply patch 007
Continuing with remaining patches...
Applying patch: /Volumes/ssd/apple/ai_browser/backend/chromium/patches/ai-browser/008-*.patch
patching file 'chrome/browser/resources/side_panel/ai_chat/ai_chat_side_panel.html'
patching file 'chrome/browser/resources/side_panel/ai_chat/ai_chat_side_panel.css'
patching file 'chrome/browser/resources/side_panel/ai_chat/ai_chat_side_panel.js'
✅ Patch 008 applied successfully
Applying patch: /Volumes/ssd/apple/ai_browser/backend/chromium/patches/ai-browser/009-*.patch
patching file 'chrome/browser/ui/views/side_panel/side_panel_coordinator.cc'
1 out of 1 hunks failed--saving rejects to 'chrome/browser/ui/views/side_panel/side_panel_coordinator.cc.rej'
File to patch: 
No file found--skip this patch? [y] 
1 out of 1 hunks ignored--saving rejects to Oops.rej
File to patch: 
No file found--skip this patch? [y] 
patch: **** malformed patch at line 68: 
❌ Failed to apply patch 009
Continuing with remaining patches...
Applying patch: /Volumes/ssd/apple/ai_browser/backend/chromium/patches/ai-browser/010-*.patch
patching file 'chrome/browser/ai/ai_service_unittest.cc'
patching file 'chrome/browser/ai/ai_service_factory_unittest.cc'
patch: **** malformed patch at line 179:  
❌ Failed to apply patch 010
Continuing with remaining patches...
Applying patch: /Volumes/ssd/apple/ai_browser/backend/chromium/patches/ai-browser/011-*.patch
patching file 'chrome/browser/ui/views/side_panel/side_panel_coordinator_ai_chat_test.cc'
patching file 'chrome/browser/ui/webui/side_panel/ai_chat/ai_chat_side_panel_ui_test.cc'
✅ Patch 011 applied successfully
Applying patch: /Volumes/ssd/apple/ai_browser/backend/chromium/patches/ai-browser/012-*.patch
patching file 'chrome/browser/ai/BUILD.gn'
1 out of 1 hunks failed--saving rejects to 'chrome/browser/ai/BUILD.gn.rej'
patching file 'tools/ai_browser_test.py'
patching file 'tools/apply_ai_patches.sh'
❌ Failed to apply patch 012
Continuing with remaining patches...
=== CONFIGURING BUILD ===
/Volumes/ssd/apple/ai_browser/simple_build.sh: line 43: gn: command not found
❌ Build configuration failed
